{"C:\\Users\\alois\\OneDrive\\Documents\\Github\\Horizons-Plus\\backend\\src\\controllers\\panierController.js": {"path":"C:\\Users\\alois\\OneDrive\\Documents\\Github\\Horizons-Plus\\backend\\src\\controllers\\panierController.js","statementMap":{"0":{"start":{"line":4,"column":4},"end":{"line":16,"column":5}},"1":{"start":{"line":5,"column":38},"end":{"line":5,"column":41}},"2":{"start":{"line":7,"column":23},"end":{"line":10,"column":10}},"3":{"start":{"line":12,"column":8},"end":{"line":12,"column":37}},"4":{"start":{"line":14,"column":8},"end":{"line":14,"column":57}},"5":{"start":{"line":15,"column":8},"end":{"line":15,"column":55}},"6":{"start":{"line":20,"column":4},"end":{"line":68,"column":5}},"7":{"start":{"line":21,"column":47},"end":{"line":21,"column":50}},"8":{"start":{"line":25,"column":8},"end":{"line":35,"column":9}},"9":{"start":{"line":26,"column":12},"end":{"line":29,"column":14}},"10":{"start":{"line":31,"column":12},"end":{"line":34,"column":14}},"11":{"start":{"line":43,"column":12},"end":{"line":43,"column":20}},"12":{"start":{"line":45,"column":28},"end":{"line":51,"column":9}},"13":{"start":{"line":53,"column":8},"end":{"line":53,"column":58}},"14":{"start":{"line":55,"column":23},"end":{"line":55,"column":102}},"15":{"start":{"line":56,"column":8},"end":{"line":56,"column":37}},"16":{"start":{"line":58,"column":8},"end":{"line":62,"column":9}},"17":{"start":{"line":59,"column":34},"end":{"line":59,"column":73}},"18":{"start":{"line":60,"column":12},"end":{"line":60,"column":41}},"19":{"start":{"line":61,"column":12},"end":{"line":61,"column":66}},"20":{"start":{"line":64,"column":8},"end":{"line":64,"column":49}},"21":{"start":{"line":65,"column":8},"end":{"line":67,"column":11}},"22":{"start":{"line":72,"column":4},"end":{"line":86,"column":5}},"23":{"start":{"line":73,"column":38},"end":{"line":73,"column":41}},"24":{"start":{"line":74,"column":27},"end":{"line":74,"column":35}},"25":{"start":{"line":76,"column":8},"end":{"line":78,"column":9}},"26":{"start":{"line":77,"column":12},"end":{"line":77,"column":69}},"27":{"start":{"line":80,"column":28},"end":{"line":80,"column":97}},"28":{"start":{"line":82,"column":8},"end":{"line":82,"column":61}},"29":{"start":{"line":84,"column":8},"end":{"line":84,"column":63}},"30":{"start":{"line":85,"column":8},"end":{"line":85,"column":55}},"31":{"start":{"line":90,"column":4},"end":{"line":97,"column":5}},"32":{"start":{"line":91,"column":38},"end":{"line":91,"column":41}},"33":{"start":{"line":92,"column":23},"end":{"line":92,"column":80}},"34":{"start":{"line":93,"column":8},"end":{"line":93,"column":59}},"35":{"start":{"line":95,"column":8},"end":{"line":95,"column":52}},"36":{"start":{"line":96,"column":8},"end":{"line":96,"column":55}}},"fnMap":{"0":{"name":"getPanierForUser","decl":{"start":{"line":3,"column":22},"end":{"line":3,"column":38}},"loc":{"start":{"line":3,"column":49},"end":{"line":17,"column":1}},"line":3},"1":{"name":"addBilletToPanier","decl":{"start":{"line":19,"column":22},"end":{"line":19,"column":39}},"loc":{"start":{"line":19,"column":50},"end":{"line":69,"column":1}},"line":19},"2":{"name":"deleteBilletFromPanier","decl":{"start":{"line":71,"column":22},"end":{"line":71,"column":44}},"loc":{"start":{"line":71,"column":55},"end":{"line":87,"column":1}},"line":71},"3":{"name":"clearPanier","decl":{"start":{"line":89,"column":22},"end":{"line":89,"column":33}},"loc":{"start":{"line":89,"column":44},"end":{"line":98,"column":1}},"line":89}},"branchMap":{"0":{"loc":{"start":{"line":25,"column":8},"end":{"line":35,"column":9}},"type":"if","locations":[{"start":{"line":25,"column":8},"end":{"line":35,"column":9}},{"start":{"line":30,"column":15},"end":{"line":35,"column":9}}],"line":25},"1":{"loc":{"start":{"line":58,"column":8},"end":{"line":62,"column":9}},"type":"if","locations":[{"start":{"line":58,"column":8},"end":{"line":62,"column":9}},{"start":{},"end":{}}],"line":58},"2":{"loc":{"start":{"line":76,"column":8},"end":{"line":78,"column":9}},"type":"if","locations":[{"start":{"line":76,"column":8},"end":{"line":78,"column":9}},{"start":{},"end":{}}],"line":76}},"s":{"0":3,"1":3,"2":3,"3":2,"4":1,"5":1,"6":4,"7":4,"8":4,"9":3,"10":1,"11":4,"12":4,"13":4,"14":4,"15":2,"16":2,"17":1,"18":1,"19":1,"20":1,"21":1,"22":3,"23":3,"24":3,"25":3,"26":1,"27":2,"28":1,"29":1,"30":1,"31":3,"32":3,"33":3,"34":2,"35":1,"36":1},"f":{"0":3,"1":4,"2":3,"3":3},"b":{"0":[3,1],"1":[1,1],"2":[1,2]},"_coverageSchema":"1a1c01bbd47fc00a2c39e90264f33305004495a9","hash":"8a5c357ca2cbb57345ba43b5d440dbee0ad8fb67"}
,"C:\\Users\\alois\\OneDrive\\Documents\\Github\\Horizons-Plus\\backend\\src\\middlewares\\authMiddleware.js": {"path":"C:\\Users\\alois\\OneDrive\\Documents\\Github\\Horizons-Plus\\backend\\src\\middlewares\\authMiddleware.js","statementMap":{"0":{"start":{"line":3,"column":30},"end":{"line":21,"column":1}},"1":{"start":{"line":4,"column":2},"end":{"line":20,"column":3}},"2":{"start":{"line":5,"column":20},"end":{"line":7,"column":6}},"3":{"start":{"line":9,"column":4},"end":{"line":11,"column":5}},"4":{"start":{"line":10,"column":6},"end":{"line":10,"column":61}},"5":{"start":{"line":15,"column":4},"end":{"line":15,"column":33}},"6":{"start":{"line":16,"column":4},"end":{"line":16,"column":11}},"7":{"start":{"line":18,"column":4},"end":{"line":18,"column":40}},"8":{"start":{"line":19,"column":4},"end":{"line":19,"column":54}}},"fnMap":{"0":{"name":"(anonymous_0)","decl":{"start":{"line":3,"column":30},"end":{"line":3,"column":31}},"loc":{"start":{"line":3,"column":56},"end":{"line":21,"column":1}},"line":3}},"branchMap":{"0":{"loc":{"start":{"line":9,"column":4},"end":{"line":11,"column":5}},"type":"if","locations":[{"start":{"line":9,"column":4},"end":{"line":11,"column":5}},{"start":{},"end":{}}],"line":9}},"s":{"0":1,"1":4,"2":4,"3":3,"4":1,"5":2,"6":2,"7":1,"8":1},"f":{"0":4},"b":{"0":[1,2]},"_coverageSchema":"1a1c01bbd47fc00a2c39e90264f33305004495a9","hash":"bf87ba47c0f0238f5d1eee6946bf2c23018992d3"}
,"C:\\Users\\alois\\OneDrive\\Documents\\Github\\Horizons-Plus\\backend\\src\\routes\\aiSearch.js": {"path":"C:\\Users\\alois\\OneDrive\\Documents\\Github\\Horizons-Plus\\backend\\src\\routes\\aiSearch.js","statementMap":{"0":{"start":{"line":6,"column":15},"end":{"line":6,"column":31}},"1":{"start":{"line":8,"column":24},"end":{"line":14,"column":2}},"2":{"start":{"line":16,"column":0},"end":{"line":115,"column":3}},"3":{"start":{"line":17,"column":2},"end":{"line":114,"column":3}},"4":{"start":{"line":18,"column":52},"end":{"line":18,"column":66}},"5":{"start":{"line":21,"column":4},"end":{"line":23,"column":5}},"6":{"start":{"line":22,"column":6},"end":{"line":22,"column":71}},"7":{"start":{"line":24,"column":25},"end":{"line":24,"column":37}},"8":{"start":{"line":25,"column":4},"end":{"line":27,"column":5}},"9":{"start":{"line":26,"column":6},"end":{"line":26,"column":87}},"10":{"start":{"line":31,"column":4},"end":{"line":36,"column":5}},"11":{"start":{"line":32,"column":6},"end":{"line":32,"column":57}},"12":{"start":{"line":34,"column":6},"end":{"line":34,"column":48}},"13":{"start":{"line":35,"column":6},"end":{"line":35,"column":93}},"14":{"start":{"line":39,"column":4},"end":{"line":41,"column":5}},"15":{"start":{"line":40,"column":6},"end":{"line":40,"column":88}},"16":{"start":{"line":42,"column":22},"end":{"line":42,"column":69}},"17":{"start":{"line":43,"column":4},"end":{"line":45,"column":5}},"18":{"start":{"line":44,"column":6},"end":{"line":44,"column":96}},"19":{"start":{"line":48,"column":22},"end":{"line":48,"column":26}},"20":{"start":{"line":49,"column":24},"end":{"line":49,"column":51}},"21":{"start":{"line":50,"column":24},"end":{"line":50,"column":51}},"22":{"start":{"line":51,"column":4},"end":{"line":67,"column":5}},"23":{"start":{"line":53,"column":6},"end":{"line":59,"column":8}},"24":{"start":{"line":60,"column":11},"end":{"line":67,"column":5}},"25":{"start":{"line":61,"column":6},"end":{"line":61,"column":63}},"26":{"start":{"line":62,"column":6},"end":{"line":64,"column":7}},"27":{"start":{"line":63,"column":8},"end":{"line":63,"column":89}},"28":{"start":{"line":65,"column":11},"end":{"line":67,"column":5}},"29":{"start":{"line":66,"column":6},"end":{"line":66,"column":83}},"30":{"start":{"line":69,"column":4},"end":{"line":76,"column":5}},"31":{"start":{"line":71,"column":6},"end":{"line":75,"column":9}},"32":{"start":{"line":79,"column":18},"end":{"line":79,"column":56}},"33":{"start":{"line":80,"column":24},"end":{"line":80,"column":47}},"34":{"start":{"line":81,"column":4},"end":{"line":81,"column":53}},"35":{"start":{"line":81,"column":31},"end":{"line":81,"column":53}},"36":{"start":{"line":84,"column":4},"end":{"line":110,"column":7}},"37":{"start":{"line":112,"column":4},"end":{"line":112,"column":55}},"38":{"start":{"line":113,"column":4},"end":{"line":113,"column":61}}},"fnMap":{"0":{"name":"(anonymous_0)","decl":{"start":{"line":16,"column":43},"end":{"line":16,"column":44}},"loc":{"start":{"line":16,"column":63},"end":{"line":115,"column":1}},"line":16}},"branchMap":{"0":{"loc":{"start":{"line":18,"column":52},"end":{"line":18,"column":66}},"type":"binary-expr","locations":[{"start":{"line":18,"column":52},"end":{"line":18,"column":60}},{"start":{"line":18,"column":64},"end":{"line":18,"column":66}}],"line":18},"1":{"loc":{"start":{"line":21,"column":4},"end":{"line":23,"column":5}},"type":"if","locations":[{"start":{"line":21,"column":4},"end":{"line":23,"column":5}},{"start":{},"end":{}}],"line":21},"2":{"loc":{"start":{"line":25,"column":4},"end":{"line":27,"column":5}},"type":"if","locations":[{"start":{"line":25,"column":4},"end":{"line":27,"column":5}},{"start":{},"end":{}}],"line":25},"3":{"loc":{"start":{"line":25,"column":8},"end":{"line":25,"column":60}},"type":"binary-expr","locations":[{"start":{"line":25,"column":8},"end":{"line":25,"column":31}},{"start":{"line":25,"column":35},"end":{"line":25,"column":60}}],"line":25},"4":{"loc":{"start":{"line":39,"column":4},"end":{"line":41,"column":5}},"type":"if","locations":[{"start":{"line":39,"column":4},"end":{"line":41,"column":5}},{"start":{},"end":{}}],"line":39},"5":{"loc":{"start":{"line":43,"column":4},"end":{"line":45,"column":5}},"type":"if","locations":[{"start":{"line":43,"column":4},"end":{"line":45,"column":5}},{"start":{},"end":{}}],"line":43},"6":{"loc":{"start":{"line":51,"column":4},"end":{"line":67,"column":5}},"type":"if","locations":[{"start":{"line":51,"column":4},"end":{"line":67,"column":5}},{"start":{"line":60,"column":11},"end":{"line":67,"column":5}}],"line":51},"7":{"loc":{"start":{"line":51,"column":8},"end":{"line":51,"column":107}},"type":"binary-expr","locations":[{"start":{"line":51,"column":8},"end":{"line":51,"column":22}},{"start":{"line":51,"column":26},"end":{"line":51,"column":43}},{"start":{"line":51,"column":47},"end":{"line":51,"column":75}},{"start":{"line":51,"column":79},"end":{"line":51,"column":107}}],"line":51},"8":{"loc":{"start":{"line":58,"column":16},"end":{"line":58,"column":47}},"type":"binary-expr","locations":[{"start":{"line":58,"column":16},"end":{"line":58,"column":37}},{"start":{"line":58,"column":41},"end":{"line":58,"column":47}}],"line":58},"9":{"loc":{"start":{"line":60,"column":11},"end":{"line":67,"column":5}},"type":"if","locations":[{"start":{"line":60,"column":11},"end":{"line":67,"column":5}},{"start":{"line":65,"column":11},"end":{"line":67,"column":5}}],"line":60},"10":{"loc":{"start":{"line":62,"column":6},"end":{"line":64,"column":7}},"type":"if","locations":[{"start":{"line":62,"column":6},"end":{"line":64,"column":7}},{"start":{},"end":{}}],"line":62},"11":{"loc":{"start":{"line":65,"column":11},"end":{"line":67,"column":5}},"type":"if","locations":[{"start":{"line":65,"column":11},"end":{"line":67,"column":5}},{"start":{},"end":{}}],"line":65},"12":{"loc":{"start":{"line":65,"column":15},"end":{"line":65,"column":107}},"type":"binary-expr","locations":[{"start":{"line":65,"column":15},"end":{"line":65,"column":27}},{"start":{"line":65,"column":31},"end":{"line":65,"column":67}},{"start":{"line":65,"column":71},"end":{"line":65,"column":107}}],"line":65},"13":{"loc":{"start":{"line":69,"column":4},"end":{"line":76,"column":5}},"type":"if","locations":[{"start":{"line":69,"column":4},"end":{"line":76,"column":5}},{"start":{},"end":{}}],"line":69},"14":{"loc":{"start":{"line":80,"column":24},"end":{"line":80,"column":47}},"type":"binary-expr","locations":[{"start":{"line":80,"column":24},"end":{"line":80,"column":38}},{"start":{"line":80,"column":42},"end":{"line":80,"column":47}}],"line":80},"15":{"loc":{"start":{"line":81,"column":4},"end":{"line":81,"column":53}},"type":"if","locations":[{"start":{"line":81,"column":4},"end":{"line":81,"column":53}},{"start":{},"end":{}}],"line":81},"16":{"loc":{"start":{"line":99,"column":18},"end":{"line":99,"column":42}},"type":"binary-expr","locations":[{"start":{"line":99,"column":18},"end":{"line":99,"column":36}},{"start":{"line":99,"column":40},"end":{"line":99,"column":42}}],"line":99}},"s":{"0":1,"1":1,"2":1,"3":14,"4":14,"5":14,"6":1,"7":13,"8":13,"9":2,"10":11,"11":11,"12":1,"13":1,"14":10,"15":1,"16":9,"17":8,"18":1,"19":7,"20":7,"21":7,"22":7,"23":1,"24":6,"25":4,"26":4,"27":1,"28":2,"29":1,"30":6,"31":1,"32":5,"33":5,"34":5,"35":1,"36":5,"37":1,"38":1},"f":{"0":14},"b":{"0":[14,0],"1":[1,13],"2":[2,11],"3":[13,12],"4":[1,9],"5":[1,7],"6":[1,6],"7":[7,1,1,1],"8":[1,0],"9":[4,2],"10":[1,3],"11":[1,1],"12":[2,1,1],"13":[1,5],"14":[5,1],"15":[1,4],"16":[5,0]},"_coverageSchema":"1a1c01bbd47fc00a2c39e90264f33305004495a9","hash":"0f0d98abaa49a2b59472e82cd352a27d3a925400"}
,"C:\\Users\\alois\\OneDrive\\Documents\\Github\\Horizons-Plus\\backend\\src\\routes\\amadeusPlaces.js": {"path":"C:\\Users\\alois\\OneDrive\\Documents\\Github\\Horizons-Plus\\backend\\src\\routes\\amadeusPlaces.js","statementMap":{"0":{"start":{"line":4,"column":15},"end":{"line":4,"column":31}},"1":{"start":{"line":7,"column":4},"end":{"line":9,"column":66}},"2":{"start":{"line":9,"column":49},"end":{"line":9,"column":64}},"3":{"start":{"line":12,"column":0},"end":{"line":46,"column":3}},"4":{"start":{"line":13,"column":14},"end":{"line":13,"column":25}},"5":{"start":{"line":14,"column":4},"end":{"line":14,"column":32}},"6":{"start":{"line":14,"column":12},"end":{"line":14,"column":32}},"7":{"start":{"line":16,"column":4},"end":{"line":45,"column":5}},"8":{"start":{"line":17,"column":24},"end":{"line":20,"column":10}},"9":{"start":{"line":22,"column":27},"end":{"line":39,"column":10}},"10":{"start":{"line":23,"column":25},"end":{"line":23,"column":54}},"11":{"start":{"line":24,"column":25},"end":{"line":24,"column":48}},"12":{"start":{"line":25,"column":32},"end":{"line":25,"column":81}},"13":{"start":{"line":26,"column":28},"end":{"line":26,"column":88}},"14":{"start":{"line":27,"column":24},"end":{"line":27,"column":42}},"15":{"start":{"line":28,"column":24},"end":{"line":28,"column":43}},"16":{"start":{"line":30,"column":12},"end":{"line":38,"column":14}},"17":{"start":{"line":41,"column":8},"end":{"line":41,"column":29}},"18":{"start":{"line":43,"column":8},"end":{"line":43,"column":27}},"19":{"start":{"line":44,"column":8},"end":{"line":44,"column":33}}},"fnMap":{"0":{"name":"capitalizeWithHyphens","decl":{"start":{"line":6,"column":9},"end":{"line":6,"column":30}},"loc":{"start":{"line":6,"column":36},"end":{"line":10,"column":1}},"line":6},"1":{"name":"(anonymous_1)","decl":{"start":{"line":9,"column":44},"end":{"line":9,"column":45}},"loc":{"start":{"line":9,"column":49},"end":{"line":9,"column":64}},"line":9},"2":{"name":"(anonymous_2)","decl":{"start":{"line":12,"column":24},"end":{"line":12,"column":25}},"loc":{"start":{"line":12,"column":44},"end":{"line":46,"column":1}},"line":12},"3":{"name":"(anonymous_3)","decl":{"start":{"line":22,"column":39},"end":{"line":22,"column":40}},"loc":{"start":{"line":22,"column":44},"end":{"line":39,"column":9}},"line":22}},"branchMap":{"0":{"loc":{"start":{"line":14,"column":4},"end":{"line":14,"column":32}},"type":"if","locations":[{"start":{"line":14,"column":4},"end":{"line":14,"column":32}},{"start":{},"end":{}}],"line":14}},"s":{"0":1,"1":8,"2":13,"3":1,"4":6,"5":6,"6":1,"7":5,"8":5,"9":4,"10":4,"11":4,"12":4,"13":4,"14":4,"15":4,"16":4,"17":4,"18":1,"19":1},"f":{"0":8,"1":13,"2":6,"3":4},"b":{"0":[1,5]},"_coverageSchema":"1a1c01bbd47fc00a2c39e90264f33305004495a9","hash":"ff503389997ec8385e6a12d310ab3f603a0fa778"}
,"C:\\Users\\alois\\OneDrive\\Documents\\Github\\Horizons-Plus\\backend\\src\\routes\\panier.js": {"path":"C:\\Users\\alois\\OneDrive\\Documents\\Github\\Horizons-Plus\\backend\\src\\routes\\panier.js","statementMap":{"0":{"start":{"line":10,"column":15},"end":{"line":10,"column":31}},"1":{"start":{"line":12,"column":0},"end":{"line":16,"column":2}},"2":{"start":{"line":18,"column":0},"end":{"line":22,"column":2}},"3":{"start":{"line":24,"column":0},"end":{"line":28,"column":2}},"4":{"start":{"line":30,"column":0},"end":{"line":34,"column":2}}},"fnMap":{},"branchMap":{},"s":{"0":1,"1":1,"2":1,"3":1,"4":1},"f":{},"b":{},"_coverageSchema":"1a1c01bbd47fc00a2c39e90264f33305004495a9","hash":"92942c0226aa1b835727f00026d443d4e4795546"}
,"C:\\Users\\alois\\OneDrive\\Documents\\Github\\Horizons-Plus\\backend\\src\\routes\\searchJourneys.js": {"path":"C:\\Users\\alois\\OneDrive\\Documents\\Github\\Horizons-Plus\\backend\\src\\routes\\searchJourneys.js","statementMap":{"0":{"start":{"line":9,"column":23},"end":{"line":9,"column":39}},"1":{"start":{"line":11,"column":0},"end":{"line":166,"column":3}},"2":{"start":{"line":16,"column":8},"end":{"line":16,"column":17}},"3":{"start":{"line":18,"column":4},"end":{"line":18,"column":42}},"4":{"start":{"line":20,"column":4},"end":{"line":28,"column":5}},"5":{"start":{"line":25,"column":8},"end":{"line":27,"column":11}},"6":{"start":{"line":30,"column":4},"end":{"line":165,"column":5}},"7":{"start":{"line":31,"column":25},"end":{"line":46,"column":9}},"8":{"start":{"line":48,"column":21},"end":{"line":48,"column":42}},"9":{"start":{"line":51,"column":8},"end":{"line":59,"column":9}},"10":{"start":{"line":52,"column":12},"end":{"line":52,"column":71}},"11":{"start":{"line":53,"column":12},"end":{"line":58,"column":14}},"12":{"start":{"line":62,"column":8},"end":{"line":65,"column":9}},"13":{"start":{"line":63,"column":12},"end":{"line":63,"column":68}},"14":{"start":{"line":64,"column":12},"end":{"line":64,"column":32}},"15":{"start":{"line":68,"column":8},"end":{"line":71,"column":9}},"16":{"start":{"line":69,"column":12},"end":{"line":69,"column":53}},"17":{"start":{"line":70,"column":12},"end":{"line":70,"column":32}},"18":{"start":{"line":74,"column":29},"end":{"line":131,"column":10}},"19":{"start":{"line":75,"column":36},"end":{"line":75,"column":65}},"20":{"start":{"line":76,"column":33},"end":{"line":76,"column":57}},"21":{"start":{"line":77,"column":32},"end":{"line":77,"column":80}},"22":{"start":{"line":80,"column":16},"end":{"line":83,"column":33}},"23":{"start":{"line":86,"column":16},"end":{"line":89,"column":32}},"24":{"start":{"line":91,"column":37},"end":{"line":93,"column":13}},"25":{"start":{"line":92,"column":29},"end":{"line":92,"column":64}},"26":{"start":{"line":95,"column":30},"end":{"line":95,"column":67}},"27":{"start":{"line":96,"column":30},"end":{"line":96,"column":92}},"28":{"start":{"line":97,"column":38},"end":{"line":97,"column":61}},"29":{"start":{"line":101,"column":12},"end":{"line":105,"column":13}},"30":{"start":{"line":102,"column":16},"end":{"line":102,"column":68}},"31":{"start":{"line":104,"column":16},"end":{"line":104,"column":84}},"32":{"start":{"line":107,"column":34},"end":{"line":110,"column":51}},"33":{"start":{"line":112,"column":32},"end":{"line":115,"column":51}},"34":{"start":{"line":117,"column":29},"end":{"line":117,"column":61}},"35":{"start":{"line":119,"column":12},"end":{"line":130,"column":14}},"36":{"start":{"line":134,"column":28},"end":{"line":134,"column":45}},"37":{"start":{"line":136,"column":8},"end":{"line":158,"column":9}},"38":{"start":{"line":137,"column":12},"end":{"line":137,"column":37}},"39":{"start":{"line":138,"column":35},"end":{"line":151,"column":14}},"40":{"start":{"line":153,"column":12},"end":{"line":157,"column":14}},"41":{"start":{"line":154,"column":30},"end":{"line":154,"column":62}},"42":{"start":{"line":155,"column":30},"end":{"line":155,"column":62}},"43":{"start":{"line":156,"column":16},"end":{"line":156,"column":57}},"44":{"start":{"line":160,"column":8},"end":{"line":160,"column":39}},"45":{"start":{"line":163,"column":8},"end":{"line":163,"column":48}},"46":{"start":{"line":164,"column":8},"end":{"line":164,"column":65}}},"fnMap":{"0":{"name":"(anonymous_0)","decl":{"start":{"line":11,"column":32},"end":{"line":11,"column":33}},"loc":{"start":{"line":11,"column":52},"end":{"line":166,"column":1}},"line":11},"1":{"name":"(anonymous_1)","decl":{"start":{"line":74,"column":47},"end":{"line":74,"column":48}},"loc":{"start":{"line":74,"column":60},"end":{"line":131,"column":9}},"line":74},"2":{"name":"(anonymous_2)","decl":{"start":{"line":92,"column":16},"end":{"line":92,"column":17}},"loc":{"start":{"line":92,"column":29},"end":{"line":92,"column":64}},"line":92},"3":{"name":"(anonymous_3)","decl":{"start":{"line":153,"column":70},"end":{"line":153,"column":71}},"loc":{"start":{"line":153,"column":80},"end":{"line":157,"column":13}},"line":153}},"branchMap":{"0":{"loc":{"start":{"line":20,"column":4},"end":{"line":28,"column":5}},"type":"if","locations":[{"start":{"line":20,"column":4},"end":{"line":28,"column":5}},{"start":{},"end":{}}],"line":20},"1":{"loc":{"start":{"line":21,"column":8},"end":{"line":23,"column":32}},"type":"binary-expr","locations":[{"start":{"line":21,"column":8},"end":{"line":21,"column":15}},{"start":{"line":21,"column":19},"end":{"line":21,"column":28}},{"start":{"line":21,"column":32},"end":{"line":21,"column":37}},{"start":{"line":21,"column":41},"end":{"line":21,"column":48}},{"start":{"line":21,"column":52},"end":{"line":21,"column":61}},{"start":{"line":22,"column":8},"end":{"line":22,"column":16}},{"start":{"line":22,"column":20},"end":{"line":22,"column":26}},{"start":{"line":22,"column":30},"end":{"line":22,"column":38}},{"start":{"line":22,"column":42},"end":{"line":22,"column":48}},{"start":{"line":23,"column":8},"end":{"line":23,"column":19}},{"start":{"line":23,"column":23},"end":{"line":23,"column":32}}],"line":21},"2":{"loc":{"start":{"line":51,"column":8},"end":{"line":59,"column":9}},"type":"if","locations":[{"start":{"line":51,"column":8},"end":{"line":59,"column":9}},{"start":{},"end":{}}],"line":51},"3":{"loc":{"start":{"line":51,"column":12},"end":{"line":51,"column":57}},"type":"binary-expr","locations":[{"start":{"line":51,"column":12},"end":{"line":51,"column":22}},{"start":{"line":51,"column":26},"end":{"line":51,"column":57}}],"line":51},"4":{"loc":{"start":{"line":62,"column":8},"end":{"line":65,"column":9}},"type":"if","locations":[{"start":{"line":62,"column":8},"end":{"line":65,"column":9}},{"start":{},"end":{}}],"line":62},"5":{"loc":{"start":{"line":62,"column":12},"end":{"line":62,"column":57}},"type":"binary-expr","locations":[{"start":{"line":62,"column":12},"end":{"line":62,"column":22}},{"start":{"line":62,"column":26},"end":{"line":62,"column":57}}],"line":62},"6":{"loc":{"start":{"line":68,"column":8},"end":{"line":71,"column":9}},"type":"if","locations":[{"start":{"line":68,"column":8},"end":{"line":71,"column":9}},{"start":{},"end":{}}],"line":68},"7":{"loc":{"start":{"line":68,"column":12},"end":{"line":68,"column":56}},"type":"binary-expr","locations":[{"start":{"line":68,"column":12},"end":{"line":68,"column":26}},{"start":{"line":68,"column":30},"end":{"line":68,"column":56}}],"line":68},"8":{"loc":{"start":{"line":80,"column":16},"end":{"line":83,"column":33}},"type":"binary-expr","locations":[{"start":{"line":80,"column":16},"end":{"line":80,"column":56}},{"start":{"line":81,"column":16},"end":{"line":81,"column":44}},{"start":{"line":82,"column":16},"end":{"line":82,"column":45}},{"start":{"line":83,"column":16},"end":{"line":83,"column":33}}],"line":80},"9":{"loc":{"start":{"line":86,"column":16},"end":{"line":89,"column":32}},"type":"binary-expr","locations":[{"start":{"line":86,"column":16},"end":{"line":86,"column":55}},{"start":{"line":87,"column":16},"end":{"line":87,"column":43}},{"start":{"line":88,"column":16},"end":{"line":88,"column":44}},{"start":{"line":89,"column":16},"end":{"line":89,"column":32}}],"line":86},"10":{"loc":{"start":{"line":96,"column":30},"end":{"line":96,"column":92}},"type":"binary-expr","locations":[{"start":{"line":96,"column":30},"end":{"line":96,"column":83}},{"start":{"line":96,"column":87},"end":{"line":96,"column":92}}],"line":96},"11":{"loc":{"start":{"line":101,"column":12},"end":{"line":105,"column":13}},"type":"if","locations":[{"start":{"line":101,"column":12},"end":{"line":105,"column":13}},{"start":{"line":103,"column":19},"end":{"line":105,"column":13}}],"line":101},"12":{"loc":{"start":{"line":101,"column":16},"end":{"line":101,"column":82}},"type":"binary-expr","locations":[{"start":{"line":101,"column":16},"end":{"line":101,"column":50}},{"start":{"line":101,"column":54},"end":{"line":101,"column":82}}],"line":101},"13":{"loc":{"start":{"line":136,"column":8},"end":{"line":158,"column":9}},"type":"if","locations":[{"start":{"line":136,"column":8},"end":{"line":158,"column":9}},{"start":{},"end":{}}],"line":136}},"s":{"0":1,"1":1,"2":17,"3":17,"4":17,"5":2,"6":15,"7":15,"8":14,"9":13,"10":1,"11":1,"12":12,"13":1,"14":1,"15":11,"16":2,"17":2,"18":9,"19":10,"20":10,"21":10,"22":10,"23":10,"24":10,"25":10,"26":10,"27":10,"28":10,"29":10,"30":7,"31":3,"32":10,"33":10,"34":10,"35":10,"36":9,"37":9,"38":2,"39":2,"40":2,"41":2,"42":2,"43":2,"44":9,"45":2,"46":2},"f":{"0":17,"1":10,"2":10,"3":2},"b":{"0":[2,15],"1":[17,15,15,15,15,15,15,15,15,15,15],"2":[1,12],"3":[13,2],"4":[1,11],"5":[12,1],"6":[2,9],"7":[11,10],"8":[10,9,0,0],"9":[10,10,0,0],"10":[10,1],"11":[7,3],"12":[10,8],"13":[2,7]},"_coverageSchema":"1a1c01bbd47fc00a2c39e90264f33305004495a9","hash":"2d0d2a4901d0c160543149e0919f1baebcc9b369"}
,"C:\\Users\\alois\\OneDrive\\Documents\\Github\\Horizons-Plus\\backend\\src\\routes\\searchPlaces.js": {"path":"C:\\Users\\alois\\OneDrive\\Documents\\Github\\Horizons-Plus\\backend\\src\\routes\\searchPlaces.js","statementMap":{"0":{"start":{"line":4,"column":21},"end":{"line":4,"column":37}},"1":{"start":{"line":6,"column":0},"end":{"line":68,"column":3}},"2":{"start":{"line":7,"column":14},"end":{"line":7,"column":25}},"3":{"start":{"line":8,"column":4},"end":{"line":8,"column":32}},"4":{"start":{"line":8,"column":12},"end":{"line":8,"column":32}},"5":{"start":{"line":10,"column":4},"end":{"line":67,"column":5}},"6":{"start":{"line":11,"column":25},"end":{"line":18,"column":9}},"7":{"start":{"line":20,"column":21},"end":{"line":20,"column":42}},"8":{"start":{"line":23,"column":23},"end":{"line":23,"column":68}},"9":{"start":{"line":25,"column":27},"end":{"line":59,"column":10}},"10":{"start":{"line":26,"column":23},"end":{"line":26,"column":30}},"11":{"start":{"line":27,"column":29},"end":{"line":27,"column":33}},"12":{"start":{"line":28,"column":22},"end":{"line":28,"column":23}},"13":{"start":{"line":29,"column":22},"end":{"line":29,"column":23}},"14":{"start":{"line":31,"column":12},"end":{"line":48,"column":13}},"15":{"start":{"line":32,"column":16},"end":{"line":32,"column":35}},"16":{"start":{"line":34,"column":31},"end":{"line":34,"column":78}},"17":{"start":{"line":35,"column":16},"end":{"line":35,"column":79}},"18":{"start":{"line":37,"column":16},"end":{"line":37,"column":44}},"19":{"start":{"line":38,"column":16},"end":{"line":38,"column":44}},"20":{"start":{"line":40,"column":17},"end":{"line":48,"column":13}},"21":{"start":{"line":41,"column":16},"end":{"line":41,"column":30}},"22":{"start":{"line":43,"column":31},"end":{"line":43,"column":61}},"23":{"start":{"line":44,"column":16},"end":{"line":44,"column":79}},"24":{"start":{"line":46,"column":16},"end":{"line":46,"column":56}},"25":{"start":{"line":47,"column":16},"end":{"line":47,"column":56}},"26":{"start":{"line":50,"column":12},"end":{"line":58,"column":14}},"27":{"start":{"line":61,"column":8},"end":{"line":61,"column":29}},"28":{"start":{"line":65,"column":8},"end":{"line":65,"column":27}},"29":{"start":{"line":66,"column":8},"end":{"line":66,"column":33}}},"fnMap":{"0":{"name":"(anonymous_0)","decl":{"start":{"line":6,"column":30},"end":{"line":6,"column":31}},"loc":{"start":{"line":6,"column":50},"end":{"line":68,"column":1}},"line":6},"1":{"name":"(anonymous_1)","decl":{"start":{"line":25,"column":38},"end":{"line":25,"column":39}},"loc":{"start":{"line":25,"column":43},"end":{"line":59,"column":9}},"line":25}},"branchMap":{"0":{"loc":{"start":{"line":8,"column":4},"end":{"line":8,"column":32}},"type":"if","locations":[{"start":{"line":8,"column":4},"end":{"line":8,"column":32}},{"start":{},"end":{}}],"line":8},"1":{"loc":{"start":{"line":23,"column":23},"end":{"line":23,"column":68}},"type":"cond-expr","locations":[{"start":{"line":23,"column":52},"end":{"line":23,"column":63}},{"start":{"line":23,"column":66},"end":{"line":23,"column":68}}],"line":23},"2":{"loc":{"start":{"line":31,"column":12},"end":{"line":48,"column":13}},"type":"if","locations":[{"start":{"line":31,"column":12},"end":{"line":48,"column":13}},{"start":{"line":40,"column":17},"end":{"line":48,"column":13}}],"line":31},"3":{"loc":{"start":{"line":35,"column":29},"end":{"line":35,"column":78}},"type":"cond-expr","locations":[{"start":{"line":35,"column":38},"end":{"line":35,"column":62}},{"start":{"line":35,"column":65},"end":{"line":35,"column":78}}],"line":35},"4":{"loc":{"start":{"line":40,"column":17},"end":{"line":48,"column":13}},"type":"if","locations":[{"start":{"line":40,"column":17},"end":{"line":48,"column":13}},{"start":{},"end":{}}],"line":40},"5":{"loc":{"start":{"line":44,"column":29},"end":{"line":44,"column":78}},"type":"cond-expr","locations":[{"start":{"line":44,"column":38},"end":{"line":44,"column":62}},{"start":{"line":44,"column":65},"end":{"line":44,"column":78}}],"line":44}},"s":{"0":1,"1":1,"2":14,"3":14,"4":1,"5":13,"6":13,"7":12,"8":11,"9":11,"10":11,"11":11,"12":11,"13":11,"14":11,"15":6,"16":6,"17":6,"18":6,"19":6,"20":5,"21":3,"22":3,"23":3,"24":3,"25":3,"26":11,"27":11,"28":2,"29":2},"f":{"0":14,"1":11},"b":{"0":[1,13],"1":[10,1],"2":[6,5],"3":[5,1],"4":[3,2],"5":[2,1]},"_coverageSchema":"1a1c01bbd47fc00a2c39e90264f33305004495a9","hash":"8102129e7005c0876b6490d241d4d4da15705e28"}
,"C:\\Users\\alois\\OneDrive\\Documents\\Github\\Horizons-Plus\\backend\\src\\routes\\ticketRoutes.js": {"path":"C:\\Users\\alois\\OneDrive\\Documents\\Github\\Horizons-Plus\\backend\\src\\routes\\ticketRoutes.js","statementMap":{"0":{"start":{"line":92,"column":15},"end":{"line":92,"column":31}},"1":{"start":{"line":95,"column":0},"end":{"line":115,"column":3}},"2":{"start":{"line":96,"column":2},"end":{"line":114,"column":3}},"3":{"start":{"line":97,"column":19},"end":{"line":97,"column":29}},"4":{"start":{"line":99,"column":4},"end":{"line":101,"column":5}},"5":{"start":{"line":100,"column":6},"end":{"line":100,"column":64}},"6":{"start":{"line":103,"column":18},"end":{"line":107,"column":5}},"7":{"start":{"line":109,"column":19},"end":{"line":109,"column":52}},"8":{"start":{"line":110,"column":4},"end":{"line":110,"column":44}},"9":{"start":{"line":112,"column":4},"end":{"line":112,"column":62}},"10":{"start":{"line":113,"column":4},"end":{"line":113,"column":51}},"11":{"start":{"line":118,"column":0},"end":{"line":162,"column":3}},"12":{"start":{"line":119,"column":2},"end":{"line":161,"column":3}},"13":{"start":{"line":120,"column":25},"end":{"line":120,"column":35}},"14":{"start":{"line":121,"column":19},"end":{"line":121,"column":29}},"15":{"start":{"line":123,"column":4},"end":{"line":125,"column":5}},"16":{"start":{"line":124,"column":6},"end":{"line":124,"column":64}},"17":{"start":{"line":127,"column":18},"end":{"line":130,"column":5}},"18":{"start":{"line":132,"column":19},"end":{"line":132,"column":62}},"19":{"start":{"line":134,"column":4},"end":{"line":136,"column":5}},"20":{"start":{"line":135,"column":6},"end":{"line":135,"column":72}},"21":{"start":{"line":138,"column":24},"end":{"line":138,"column":38}},"22":{"start":{"line":140,"column":23},"end":{"line":148,"column":5}},"23":{"start":{"line":150,"column":21},"end":{"line":150,"column":56}},"24":{"start":{"line":152,"column":4},"end":{"line":152,"column":53}},"25":{"start":{"line":153,"column":4},"end":{"line":156,"column":6}},"26":{"start":{"line":157,"column":4},"end":{"line":157,"column":36}},"27":{"start":{"line":159,"column":4},"end":{"line":159,"column":58}},"28":{"start":{"line":160,"column":4},"end":{"line":160,"column":51}}},"fnMap":{"0":{"name":"(anonymous_0)","decl":{"start":{"line":95,"column":44},"end":{"line":95,"column":45}},"loc":{"start":{"line":95,"column":64},"end":{"line":115,"column":1}},"line":95},"1":{"name":"(anonymous_1)","decl":{"start":{"line":118,"column":57},"end":{"line":118,"column":58}},"loc":{"start":{"line":118,"column":77},"end":{"line":162,"column":1}},"line":118}},"branchMap":{"0":{"loc":{"start":{"line":99,"column":4},"end":{"line":101,"column":5}},"type":"if","locations":[{"start":{"line":99,"column":4},"end":{"line":101,"column":5}},{"start":{},"end":{}}],"line":99},"1":{"loc":{"start":{"line":123,"column":4},"end":{"line":125,"column":5}},"type":"if","locations":[{"start":{"line":123,"column":4},"end":{"line":125,"column":5}},{"start":{},"end":{}}],"line":123},"2":{"loc":{"start":{"line":134,"column":4},"end":{"line":136,"column":5}},"type":"if","locations":[{"start":{"line":134,"column":4},"end":{"line":136,"column":5}},{"start":{},"end":{}}],"line":134}},"s":{"0":1,"1":1,"2":5,"3":5,"4":5,"5":1,"6":4,"7":4,"8":3,"9":1,"10":1,"11":1,"12":7,"13":7,"14":7,"15":7,"16":1,"17":6,"18":6,"19":5,"20":1,"21":4,"22":4,"23":4,"24":3,"25":3,"26":3,"27":2,"28":2},"f":{"0":5,"1":7},"b":{"0":[1,4],"1":[1,6],"2":[1,4]},"_coverageSchema":"1a1c01bbd47fc00a2c39e90264f33305004495a9","hash":"064512b2718076cc3ed844e4bb6ccd96ed7437c2"}
,"C:\\Users\\alois\\OneDrive\\Documents\\Github\\Horizons-Plus\\backend\\src\\routes\\upload.js": {"path":"C:\\Users\\alois\\OneDrive\\Documents\\Github\\Horizons-Plus\\backend\\src\\routes\\upload.js","statementMap":{"0":{"start":{"line":7,"column":15},"end":{"line":7,"column":31}},"1":{"start":{"line":10,"column":0},"end":{"line":14,"column":3}},"2":{"start":{"line":17,"column":16},"end":{"line":24,"column":2}},"3":{"start":{"line":26,"column":15},"end":{"line":26,"column":43}},"4":{"start":{"line":29,"column":0},"end":{"line":61,"column":3}},"5":{"start":{"line":31,"column":4},"end":{"line":60,"column":5}},"6":{"start":{"line":34,"column":8},"end":{"line":34,"column":93}},"7":{"start":{"line":34,"column":23},"end":{"line":34,"column":93}},"8":{"start":{"line":37,"column":27},"end":{"line":39,"column":10}},"9":{"start":{"line":41,"column":8},"end":{"line":44,"column":9}},"10":{"start":{"line":43,"column":12},"end":{"line":43,"column":102}},"11":{"start":{"line":46,"column":28},"end":{"line":49,"column":10}},"12":{"start":{"line":53,"column":8},"end":{"line":56,"column":11}},"13":{"start":{"line":59,"column":8},"end":{"line":59,"column":55}}},"fnMap":{"0":{"name":"(anonymous_0)","decl":{"start":{"line":29,"column":53},"end":{"line":29,"column":54}},"loc":{"start":{"line":29,"column":73},"end":{"line":61,"column":1}},"line":29}},"branchMap":{"0":{"loc":{"start":{"line":34,"column":8},"end":{"line":34,"column":93}},"type":"if","locations":[{"start":{"line":34,"column":8},"end":{"line":34,"column":93}},{"start":{},"end":{}}],"line":34},"1":{"loc":{"start":{"line":41,"column":8},"end":{"line":44,"column":9}},"type":"if","locations":[{"start":{"line":41,"column":8},"end":{"line":44,"column":9}},{"start":{},"end":{}}],"line":41}},"s":{"0":1,"1":1,"2":1,"3":1,"4":1,"5":7,"6":7,"7":1,"8":6,"9":5,"10":1,"11":4,"12":3,"13":2},"f":{"0":7},"b":{"0":[1,6],"1":[1,4]},"_coverageSchema":"1a1c01bbd47fc00a2c39e90264f33305004495a9","hash":"ab1edcc7003e26e054eb1128495d3f86555283be"}
,"C:\\Users\\alois\\OneDrive\\Documents\\Github\\Horizons-Plus\\backend\\src\\routes\\user.js": {"path":"C:\\Users\\alois\\OneDrive\\Documents\\Github\\Horizons-Plus\\backend\\src\\routes\\user.js","statementMap":{"0":{"start":{"line":5,"column":15},"end":{"line":5,"column":31}},"1":{"start":{"line":8,"column":0},"end":{"line":27,"column":3}},"2":{"start":{"line":9,"column":4},"end":{"line":26,"column":5}},"3":{"start":{"line":10,"column":24},"end":{"line":10,"column":75}},"4":{"start":{"line":11,"column":8},"end":{"line":11,"column":80}},"5":{"start":{"line":11,"column":22},"end":{"line":11,"column":80}},"6":{"start":{"line":13,"column":26},"end":{"line":13,"column":34}},"7":{"start":{"line":15,"column":8},"end":{"line":15,"column":80}},"8":{"start":{"line":15,"column":20},"end":{"line":15,"column":80}},"9":{"start":{"line":18,"column":28},"end":{"line":20,"column":10}},"10":{"start":{"line":22,"column":8},"end":{"line":22,"column":40}},"11":{"start":{"line":24,"column":8},"end":{"line":24,"column":27}},"12":{"start":{"line":25,"column":8},"end":{"line":25,"column":53}},"13":{"start":{"line":30,"column":0},"end":{"line":45,"column":3}},"14":{"start":{"line":31,"column":2},"end":{"line":44,"column":3}},"15":{"start":{"line":32,"column":20},"end":{"line":32,"column":71}},"16":{"start":{"line":33,"column":4},"end":{"line":33,"column":76}},"17":{"start":{"line":33,"column":18},"end":{"line":33,"column":76}},"18":{"start":{"line":36,"column":4},"end":{"line":38,"column":7}},"19":{"start":{"line":40,"column":4},"end":{"line":40,"column":95}},"20":{"start":{"line":42,"column":4},"end":{"line":42,"column":23}},"21":{"start":{"line":43,"column":4},"end":{"line":43,"column":49}}},"fnMap":{"0":{"name":"(anonymous_0)","decl":{"start":{"line":8,"column":22},"end":{"line":8,"column":23}},"loc":{"start":{"line":8,"column":42},"end":{"line":27,"column":1}},"line":8},"1":{"name":"(anonymous_1)","decl":{"start":{"line":30,"column":25},"end":{"line":30,"column":26}},"loc":{"start":{"line":30,"column":45},"end":{"line":45,"column":1}},"line":30}},"branchMap":{"0":{"loc":{"start":{"line":11,"column":8},"end":{"line":11,"column":80}},"type":"if","locations":[{"start":{"line":11,"column":8},"end":{"line":11,"column":80}},{"start":{},"end":{}}],"line":11},"1":{"loc":{"start":{"line":15,"column":8},"end":{"line":15,"column":80}},"type":"if","locations":[{"start":{"line":15,"column":8},"end":{"line":15,"column":80}},{"start":{},"end":{}}],"line":15},"2":{"loc":{"start":{"line":33,"column":4},"end":{"line":33,"column":76}},"type":"if","locations":[{"start":{"line":33,"column":4},"end":{"line":33,"column":76}},{"start":{},"end":{}}],"line":33}},"s":{"0":1,"1":1,"2":7,"3":7,"4":6,"5":1,"6":5,"7":5,"8":2,"9":3,"10":2,"11":2,"12":2,"13":1,"14":5,"15":5,"16":4,"17":1,"18":3,"19":2,"20":2,"21":2},"f":{"0":7,"1":5},"b":{"0":[1,5],"1":[2,3],"2":[1,3]},"_coverageSchema":"1a1c01bbd47fc00a2c39e90264f33305004495a9","hash":"7366a5b6469df3665c4adf0f1964a3fba08d42cc"}
,"C:\\Users\\alois\\OneDrive\\Documents\\Github\\Horizons-Plus\\backend\\src\\utils\\promoRules.js": {"path":"C:\\Users\\alois\\OneDrive\\Documents\\Github\\Horizons-Plus\\backend\\src\\utils\\promoRules.js","statementMap":{"0":{"start":{"line":1,"column":28},"end":{"line":11,"column":1}},"1":{"start":{"line":2,"column":35},"end":{"line":2,"column":81}},"2":{"start":{"line":4,"column":43},"end":{"line":4,"column":70}},"3":{"start":{"line":6,"column":35},"end":{"line":6,"column":57}},"4":{"start":{"line":8,"column":35},"end":{"line":8,"column":57}},"5":{"start":{"line":10,"column":31},"end":{"line":10,"column":54}},"6":{"start":{"line":14,"column":4},"end":{"line":18,"column":5}},"7":{"start":{"line":15,"column":24},"end":{"line":15,"column":41}},"8":{"start":{"line":16,"column":8},"end":{"line":16,"column":31}},"9":{"start":{"line":16,"column":22},"end":{"line":16,"column":31}},"10":{"start":{"line":17,"column":8},"end":{"line":17,"column":61}},"11":{"start":{"line":17,"column":48},"end":{"line":17,"column":61}},"12":{"start":{"line":19,"column":4},"end":{"line":19,"column":16}}},"fnMap":{"0":{"name":"(anonymous_0)","decl":{"start":{"line":2,"column":15},"end":{"line":2,"column":16}},"loc":{"start":{"line":2,"column":35},"end":{"line":2,"column":81}},"line":2},"1":{"name":"(anonymous_1)","decl":{"start":{"line":4,"column":23},"end":{"line":4,"column":24}},"loc":{"start":{"line":4,"column":43},"end":{"line":4,"column":70}},"line":4},"2":{"name":"(anonymous_2)","decl":{"start":{"line":6,"column":15},"end":{"line":6,"column":16}},"loc":{"start":{"line":6,"column":35},"end":{"line":6,"column":57}},"line":6},"3":{"name":"(anonymous_3)","decl":{"start":{"line":8,"column":15},"end":{"line":8,"column":16}},"loc":{"start":{"line":8,"column":35},"end":{"line":8,"column":57}},"line":8},"4":{"name":"(anonymous_4)","decl":{"start":{"line":10,"column":11},"end":{"line":10,"column":12}},"loc":{"start":{"line":10,"column":31},"end":{"line":10,"column":54}},"line":10},"5":{"name":"validatePromoConditions","decl":{"start":{"line":13,"column":16},"end":{"line":13,"column":39}},"loc":{"start":{"line":13,"column":61},"end":{"line":20,"column":1}},"line":13}},"branchMap":{"0":{"loc":{"start":{"line":2,"column":35},"end":{"line":2,"column":81}},"type":"binary-expr","locations":[{"start":{"line":2,"column":35},"end":{"line":2,"column":50}},{"start":{"line":2,"column":54},"end":{"line":2,"column":81}}],"line":2},"1":{"loc":{"start":{"line":16,"column":8},"end":{"line":16,"column":31}},"type":"if","locations":[{"start":{"line":16,"column":8},"end":{"line":16,"column":31}},{"start":{},"end":{}}],"line":16},"2":{"loc":{"start":{"line":17,"column":8},"end":{"line":17,"column":61}},"type":"if","locations":[{"start":{"line":17,"column":8},"end":{"line":17,"column":61}},{"start":{},"end":{}}],"line":17}},"s":{"0":1,"1":6,"2":3,"3":5,"4":3,"5":3,"6":5,"7":8,"8":8,"9":1,"10":7,"11":2,"12":3},"f":{"0":6,"1":3,"2":5,"3":3,"4":3,"5":5},"b":{"0":[6,5],"1":[1,7],"2":[2,5]},"_coverageSchema":"1a1c01bbd47fc00a2c39e90264f33305004495a9","hash":"4b60e8b8c77f820f28518237d4002c41d4b2d1ce"}
}
