TN:
SF:src\controllers\panierController.js
FN:3,getPanierForUser
FN:19,addBilletToPanier
FN:71,deleteBilletFromPanier
FN:89,clearPanier
FNF:4
FNH:4
FNDA:3,getPanierForUser
FNDA:4,addBilletToPanier
FNDA:3,deleteBilletFromPanier
FNDA:3,clearPanier
DA:4,3
DA:5,3
DA:7,3
DA:12,2
DA:14,1
DA:15,1
DA:20,4
DA:21,4
DA:25,4
DA:26,3
DA:31,1
DA:43,4
DA:45,4
DA:53,4
DA:55,4
DA:56,2
DA:58,2
DA:59,1
DA:60,1
DA:61,1
DA:64,1
DA:65,1
DA:72,3
DA:73,3
DA:74,3
DA:76,3
DA:77,1
DA:80,2
DA:82,1
DA:84,1
DA:85,1
DA:90,3
DA:91,3
DA:92,3
DA:93,2
DA:95,1
DA:96,1
LF:37
LH:37
BRDA:25,0,0,3
BRDA:25,0,1,1
BRDA:58,1,0,1
BRDA:58,1,1,1
BRDA:76,2,0,1
BRDA:76,2,1,2
BRF:6
BRH:6
end_of_record
TN:
SF:src\middlewares\authMiddleware.js
FN:3,(anonymous_0)
FNF:1
FNH:1
FNDA:4,(anonymous_0)
DA:3,1
DA:4,4
DA:5,4
DA:9,3
DA:10,1
DA:15,2
DA:16,2
DA:18,1
DA:19,1
LF:9
LH:9
BRDA:9,0,0,1
BRDA:9,0,1,2
BRF:2
BRH:2
end_of_record
TN:
SF:src\routes\aiSearch.js
FN:16,(anonymous_0)
FNF:1
FNH:1
FNDA:14,(anonymous_0)
DA:6,1
DA:8,1
DA:16,1
DA:17,14
DA:18,14
DA:21,14
DA:22,1
DA:24,13
DA:25,13
DA:26,2
DA:31,11
DA:32,11
DA:34,1
DA:35,1
DA:39,10
DA:40,1
DA:42,9
DA:43,8
DA:44,1
DA:48,7
DA:49,7
DA:50,7
DA:51,7
DA:53,1
DA:60,6
DA:61,4
DA:62,4
DA:63,1
DA:65,2
DA:66,1
DA:69,6
DA:71,1
DA:79,5
DA:80,5
DA:81,5
DA:84,5
DA:112,1
DA:113,1
LF:38
LH:38
BRDA:18,0,0,14
BRDA:18,0,1,0
BRDA:21,1,0,1
BRDA:21,1,1,13
BRDA:25,2,0,2
BRDA:25,2,1,11
BRDA:25,3,0,13
BRDA:25,3,1,12
BRDA:39,4,0,1
BRDA:39,4,1,9
BRDA:43,5,0,1
BRDA:43,5,1,7
BRDA:51,6,0,1
BRDA:51,6,1,6
BRDA:51,7,0,7
BRDA:51,7,1,1
BRDA:51,7,2,1
BRDA:51,7,3,1
BRDA:58,8,0,1
BRDA:58,8,1,0
BRDA:60,9,0,4
BRDA:60,9,1,2
BRDA:62,10,0,1
BRDA:62,10,1,3
BRDA:65,11,0,1
BRDA:65,11,1,1
BRDA:65,12,0,2
BRDA:65,12,1,1
BRDA:65,12,2,1
BRDA:69,13,0,1
BRDA:69,13,1,5
BRDA:80,14,0,5
BRDA:80,14,1,1
BRDA:81,15,0,1
BRDA:81,15,1,4
BRDA:99,16,0,5
BRDA:99,16,1,0
BRF:37
BRH:34
end_of_record
TN:
SF:src\routes\amadeusPlaces.js
FN:6,capitalizeWithHyphens
FN:9,(anonymous_1)
FN:12,(anonymous_2)
FN:22,(anonymous_3)
FNF:4
FNH:4
FNDA:8,capitalizeWithHyphens
FNDA:13,(anonymous_1)
FNDA:6,(anonymous_2)
FNDA:4,(anonymous_3)
DA:4,1
DA:7,8
DA:9,13
DA:12,1
DA:13,6
DA:14,6
DA:16,5
DA:17,5
DA:22,4
DA:23,4
DA:24,4
DA:25,4
DA:26,4
DA:27,4
DA:28,4
DA:30,4
DA:41,4
DA:43,1
DA:44,1
LF:19
LH:19
BRDA:14,0,0,1
BRDA:14,0,1,5
BRF:2
BRH:2
end_of_record
TN:
SF:src\routes\panier.js
FNF:0
FNH:0
DA:10,1
DA:12,1
DA:18,1
DA:24,1
DA:30,1
LF:5
LH:5
BRF:0
BRH:0
end_of_record
TN:
SF:src\routes\searchJourneys.js
FN:11,(anonymous_0)
FN:74,(anonymous_1)
FN:92,(anonymous_2)
FN:153,(anonymous_3)
FNF:4
FNH:4
FNDA:17,(anonymous_0)
FNDA:10,(anonymous_1)
FNDA:10,(anonymous_2)
FNDA:2,(anonymous_3)
DA:9,1
DA:11,1
DA:16,17
DA:18,17
DA:20,17
DA:25,2
DA:30,15
DA:31,15
DA:48,14
DA:51,13
DA:52,1
DA:53,1
DA:62,12
DA:63,1
DA:64,1
DA:68,11
DA:69,2
DA:70,2
DA:74,9
DA:75,10
DA:76,10
DA:77,10
DA:80,10
DA:86,10
DA:91,10
DA:92,10
DA:95,10
DA:96,10
DA:97,10
DA:101,10
DA:102,7
DA:104,3
DA:107,10
DA:112,10
DA:117,10
DA:119,10
DA:134,9
DA:136,9
DA:137,2
DA:138,2
DA:153,2
DA:154,2
DA:155,2
DA:156,2
DA:160,9
DA:163,2
DA:164,2
LF:47
LH:47
BRDA:20,0,0,2
BRDA:20,0,1,15
BRDA:21,1,0,17
BRDA:21,1,1,15
BRDA:21,1,2,15
BRDA:21,1,3,15
BRDA:21,1,4,15
BRDA:21,1,5,15
BRDA:21,1,6,15
BRDA:21,1,7,15
BRDA:21,1,8,15
BRDA:21,1,9,15
BRDA:21,1,10,15
BRDA:51,2,0,1
BRDA:51,2,1,12
BRDA:51,3,0,13
BRDA:51,3,1,2
BRDA:62,4,0,1
BRDA:62,4,1,11
BRDA:62,5,0,12
BRDA:62,5,1,1
BRDA:68,6,0,2
BRDA:68,6,1,9
BRDA:68,7,0,11
BRDA:68,7,1,10
BRDA:80,8,0,10
BRDA:80,8,1,9
BRDA:80,8,2,0
BRDA:80,8,3,0
BRDA:86,9,0,10
BRDA:86,9,1,10
BRDA:86,9,2,0
BRDA:86,9,3,0
BRDA:96,10,0,10
BRDA:96,10,1,1
BRDA:101,11,0,7
BRDA:101,11,1,3
BRDA:101,12,0,10
BRDA:101,12,1,8
BRDA:136,13,0,2
BRDA:136,13,1,7
BRF:41
BRH:37
end_of_record
TN:
SF:src\routes\searchPlaces.js
FN:6,(anonymous_0)
FN:25,(anonymous_1)
FNF:2
FNH:2
FNDA:14,(anonymous_0)
FNDA:11,(anonymous_1)
DA:4,1
DA:6,1
DA:7,14
DA:8,14
DA:10,13
DA:11,13
DA:20,12
DA:23,11
DA:25,11
DA:26,11
DA:27,11
DA:28,11
DA:29,11
DA:31,11
DA:32,6
DA:34,6
DA:35,6
DA:37,6
DA:38,6
DA:40,5
DA:41,3
DA:43,3
DA:44,3
DA:46,3
DA:47,3
DA:50,11
DA:61,11
DA:65,2
DA:66,2
LF:29
LH:29
BRDA:8,0,0,1
BRDA:8,0,1,13
BRDA:23,1,0,10
BRDA:23,1,1,1
BRDA:31,2,0,6
BRDA:31,2,1,5
BRDA:35,3,0,5
BRDA:35,3,1,1
BRDA:40,4,0,3
BRDA:40,4,1,2
BRDA:44,5,0,2
BRDA:44,5,1,1
BRF:12
BRH:12
end_of_record
TN:
SF:src\routes\ticketRoutes.js
FN:95,(anonymous_0)
FN:118,(anonymous_1)
FNF:2
FNH:2
FNDA:5,(anonymous_0)
FNDA:7,(anonymous_1)
DA:92,1
DA:95,1
DA:96,5
DA:97,5
DA:99,5
DA:100,1
DA:103,4
DA:109,4
DA:110,3
DA:112,1
DA:113,1
DA:118,1
DA:119,7
DA:120,7
DA:121,7
DA:123,7
DA:124,1
DA:127,6
DA:132,6
DA:134,5
DA:135,1
DA:138,4
DA:140,4
DA:150,4
DA:152,3
DA:153,3
DA:157,3
DA:159,2
DA:160,2
LF:29
LH:29
BRDA:99,0,0,1
BRDA:99,0,1,4
BRDA:123,1,0,1
BRDA:123,1,1,6
BRDA:134,2,0,1
BRDA:134,2,1,4
BRF:6
BRH:6
end_of_record
TN:
SF:src\routes\upload.js
FN:29,(anonymous_0)
FNF:1
FNH:1
FNDA:7,(anonymous_0)
DA:7,1
DA:10,1
DA:17,1
DA:26,1
DA:29,1
DA:31,7
DA:34,7
DA:37,6
DA:41,5
DA:43,1
DA:46,4
DA:53,3
DA:59,2
LF:13
LH:13
BRDA:34,0,0,1
BRDA:34,0,1,6
BRDA:41,1,0,1
BRDA:41,1,1,4
BRF:4
BRH:4
end_of_record
TN:
SF:src\routes\user.js
FN:8,(anonymous_0)
FN:30,(anonymous_1)
FNF:2
FNH:2
FNDA:7,(anonymous_0)
FNDA:5,(anonymous_1)
DA:5,1
DA:8,1
DA:9,7
DA:10,7
DA:11,6
DA:13,5
DA:15,5
DA:18,3
DA:22,2
DA:24,2
DA:25,2
DA:30,1
DA:31,5
DA:32,5
DA:33,4
DA:36,3
DA:40,2
DA:42,2
DA:43,2
LF:19
LH:19
BRDA:11,0,0,1
BRDA:11,0,1,5
BRDA:15,1,0,2
BRDA:15,1,1,3
BRDA:33,2,0,1
BRDA:33,2,1,3
BRF:6
BRH:6
end_of_record
TN:
SF:src\utils\promoRules.js
FN:2,(anonymous_0)
FN:4,(anonymous_1)
FN:6,(anonymous_2)
FN:8,(anonymous_3)
FN:10,(anonymous_4)
FN:13,validatePromoConditions
FNF:6
FNH:6
FNDA:6,(anonymous_0)
FNDA:3,(anonymous_1)
FNDA:5,(anonymous_2)
FNDA:3,(anonymous_3)
FNDA:3,(anonymous_4)
FNDA:5,validatePromoConditions
DA:1,1
DA:2,6
DA:4,3
DA:6,5
DA:8,3
DA:10,3
DA:14,5
DA:15,8
DA:16,8
DA:17,7
DA:19,3
LF:11
LH:11
BRDA:2,0,0,6
BRDA:2,0,1,5
BRDA:16,1,0,1
BRDA:16,1,1,7
BRDA:17,2,0,2
BRDA:17,2,1,5
BRF:6
BRH:6
end_of_record
